<?xml version="1.0" encoding="UTF-8"?>
<Site BuildName="(empty)"
	BuildStamp="20241031-1523-Experimental"
	Name="eleven"
	Generator="ctest-3.16.3"
	CompilerName="/usr/bin/c++"
	CompilerVersion="9.4.0"
	OSName="Linux"
	Hostname="eleven"
	OSRelease="5.15.0-122-generic"
	OSVersion="#132~20.04.1-Ubuntu SMP Fri Aug 30 15:50:07 UTC 2024"
	OSPlatform="x86_64"
	Is64Bits="1"
	VendorString="GenuineIntel"
	VendorID="Intel Corporation"
	FamilyID="6"
	ModelID="142"
	ProcessorCacheSize="4096"
	NumberOfLogicalCPU="4"
	NumberOfPhysicalCPU="2"
	TotalVirtualMemory="7811"
	TotalPhysicalMemory="3735"
	LogicalProcessorsPerPhysical="2"
	ProcessorClockFrequency="3217.54"
	>
	<Testing>
		<StartDateTime>Oct 31 22:30 WIB</StartDateTime>
		<StartTestTime>1730388653</StartTestTime>
		<TestList/>
		<EndDateTime>Oct 31 22:30 WIB</EndDateTime>
		<EndTestTime>1730388653</EndTestTime>
		<ElapsedMinutes>0</ElapsedMinutes>
	</Testing>
</Site>
